<?xml version="1.0" encoding="UTF-8"?>
<!-- Generated by org.testng.reporters.JUnitReportReporter -->
<testsuite hostname="DESKTOP-IA6TNQP" failures="0" tests="2" name="Categories.Women" time="0.003" errors="0" timestamp="2023-03-31T15:43:47 IST" skipped="0">
  <testcase classname="Categories.Women" name="jeans" time="0.001"/>
  <system-out/>
  <testcase classname="Categories.Women" name="dersses" time="0.002"/>
  <system-out/>
</testsuite> <!-- Categories.Women -->
