<?xml version="1.0" encoding="UTF-8"?>
<!-- Generated by org.testng.reporters.JUnitReportReporter -->
<testsuite hostname="DESKTOP-IA6TNQP" failures="0" tests="2" name="Categories.Men" time="0.022" errors="0" timestamp="2023-03-31T15:43:47 IST" skipped="0">
  <testcase classname="Categories.Men" name="pants" time="0.018"/>
  <system-out/>
  <testcase classname="Categories.Men" name="tshirts" time="0.004"/>
  <system-out/>
</testsuite> <!-- Categories.Men -->
