<?xml version="1.0" encoding="UTF-8"?>
<!-- Generated by org.testng.reporters.JUnitReportReporter -->
<testsuite hostname="DESKTOP-IA6TNQP" failures="0" tests="1" name="Payments.Upi" time="0.001" errors="0" timestamp="2023-03-31T15:43:47 IST" skipped="0">
  <testcase classname="Payments.Upi" name="upiId" time="0.001"/>
  <system-out/>
</testsuite> <!-- Payments.Upi -->
